[  0000000] Initializing cgroup subsys cpuset
[   0.0000 Itilizing cgroup subsys cpu
[   0.0000 Itilizing cgroup subsys cpuacct
[   .0000]Linx version .4-9-generic (buildd@lcy01-33) (gcc version 5.4.0 20160609 (Ubuntu 5.4.0-6ubuntu1~16.04.4) ) #120-Ubuntu SMP Tue Sep 19 17:28:18 UTC 2017 (Ubuntu 4.4.0-97.120-generic 4.4.87)
[    0.0000] Cmmd ine: BOOT_IMAGE=/boot/vmlinuz-4.4.0-97-generic root=LABEL=cloudimg-rootfs ro console=tty1 console=tyS0
[    0.000000] KERNEL supported cpus:
[   00000  Inl nuineInel[    0.000000]   AMD AuthenticAMD
[   0.00000]   Centaur CentaurHauls
[    0.000000] x86/fpu: xstate_offset[2]:  576, xstate_sizes[2]:  256
[   0.0000] 6/pu: ppting XSVEeature 0x01: 'x87 floatingpontegistes'
[    0.000000] x86/fpu: Supporting XSAVE feature 0x02: 'SSE registers'
[    0.00000] x86/fpu: Supporting XSAVE feature 0x04: 'AVX registers'
[  0000000] 6/pu: able xtate feaurs x7, onxt size is 2 tes, usin'standard'ormat
  0.000000] x86/fpu: Using 'lazy' FPU context switches.
[    0.0000] e820BIOS-poved physical RAM map:
[    0.000000] BIOS-e820: [mem 0x0000000000000000-0x000000000009fbff] usable
[    00000] BIOS-82 [mem 0x000000000009fc00-000000000ffff] resved
  0.000000] BIOS-e820: [mem 0x00000000000f0000-0x00000000000fffff] reserved
[    0.000000] BIOS-e820: [mem 0x0000000000100000-0x000000007ffeffff] usable
[   0.0000]BIOS-e820: [mem 0x000000007fff0000-0x000000007fffffff] ACPI data
[    .00000]BIS-e820: [mem0x0000ff0000-0x0000fffff] reserved
[    0.000] NX (Eece Diab) rotection: active
[    0.000] SMBIOS 25 resent.
[  000000] Hypervisor detected: KVM
[  000000e80:aspfn = 0x7f0 max_arch_pfn = 0x40000000
    .000] MRR: Disabd
[    0.0000 x6/PA MRR dabed, sippi PAT iitlizatn o.
[   0000] U MTRRs all blank - virtualized system.
[  000000] x6/T: Cofiraion [0-7]: WB  WT  UC- UC  WB  WT  UC- UC  
[   000000]fod SMP MP-ab at [mem x09fff00x09ff mped at [ffff88000009fff0]
[    0.000000] Scanning 1 areas for low memory corruption
[    0.000000] RAMDISK: [mem 0x36adc000-0x37565fff]
[    0.000000] ACPI: Early table checksum verification disabled
[    0.000000] ACPI: RSDP 0x00000000000E0000 000024 v0 VBOX  )
[    0.000000] ACPI: XSDT 0x000000007FFF0030 00003C(v VBOX VBXXSDT 00000001 AS  00061)
[   0.000000 ACPIFA 0x000000007FFF00F0004 (v04 VBO  BOFACP 00000001 ASL  00000061)
[    .0000] ACP: DT0x000000007FF0470 00CE(v01 VX  VOXOS00000002 INTL 20100528)
[    0.000000] ACI:ACS 0x00000FFF0200 0004
[    0.000] CPI: FCSx000000007FFF0200 000040
[    0.000000] ACPI: APIC 0x000000007FFF0240 00005C (v02 VBOX   VBOXAPIC 00000001 AL 0000061)
[    0.000000] ACPI: SSDT0x0000007FF02A0 0001CC (v01 VBOX   VBOXCPUT 00000002 INTL 20100528)
[    0.000000] No NUMA configuration found
[    0.000000] Faking a node at [mem 0x0000000000000000-0x000000007ffeffff]
[    0.000000] NODE_DATA(0) allocated [mem 0x7ffeb000-0x7ffeffff]
[    0.000000] kv-coc Ung msr 46401 ad 56d00    0000] kvm-clock: cpu 0, msr 0:7ffe3001, primary cpu clock
[   0.0000]vmclock: sin shed ofseof 2994477083 cycles
[    0.000]clocoue: kvm-lo: mask: ffffffffffff maxycs: 01cd42e4dffb, max_idle_ns: 881590591483 ns
[    0.000000] Zone ranges:
[    0.000000]   DMA      [mem 0x0000000000001000-0x0000000000ffffff]
[    0.000000]   DMA32    [mem 0x0000000001000000-0x000000007ffeffff]
[    0.000000]   Normal   empty
[    0.000000]   Device   empty
[    0.000000] Movable zone start for each node
[   00000] arlymemory noderanes
[    0.000000]   node   0: [mem 0x00000000000010000-000000009ff]
[    0.000000]   node   0: [mem 0x0000000000100000-0x000000007ffeffff]
[    0.00000]nitme supnode0 em0x00000000010-x0000000feff][    0.0000] ACPI: M-mer IO Port: 0x4008
[    0.000000] IOAPI[0 apic_id  version 17, address 0xfec00000, GSI 0-23
[  0000000] CP INT_C_R (b 0us_irq 0loalirq 2 dfl fl)[    0.0000 API: T_RC_R us 0 s_q 9 global_irq 9 high level)
[    000000] Usig PI (MAD) r SMP configuration information
[    0.00000] smbo: Alwi 2 CPUs, 0 hotplug CPUs
[   .00000] : Registered nosave memory: [mem 0x00000000-0x00000fff]
[  000000] PM: Registered nsave memry [mem 0x009f00-009ff]
[    0.000000] PM: Registered nosave memory: [mem 0x000a0000-0x000effff]
[    0.000] PM: Registered nosave memory: [mem 0x000f0000-0x000fffff]
[    00000]82: [mem 0800000-0fffbffff] available f P device
[  0.000000] Booting paravirtualized kernel on KVM
[    00000] clocksource: refid-ffies: as 0xffffffffma_cyces0xffff max_idle_ns: 7645519600211568 ns
[    0.000000 setp_rcu:NRPU:512nrpuask_bits:512 nr_cpu_ids:2 nr_node_ids:1
[    0.00000] RC: Embeded4 pas/u @fff00fc00000 s98328 8192d3744 u1048576
[  000000]  qspinloc hsh tblenries: 256 (order: 0, 09byes)
[    0.0000] Buil 1onlists i Node order, mobility grouping on.  Total pages: 515961
[    0000] Policy zo: DMA
   0000] Kerne command line: BOOT_IMAGE=/boot/vmlinuz-4.4.0-97-generic root=LABEL=cloudimg-rootfs ro console=tty1 console=ttyS0
[    0.000000] PID hash table entries: 4096 (oer: 3, 32768 bytes)
  0.0000 Mory: 2096/2096696 ailable (8480Kkenel cod, 1294K rwdata, 3984K rodata, 1492K init, 1316K bss, 62732K reserved, 0K cma-reserved)
[   00000] SLUB: Walign=64, Order=0-3, MinObjects=0, CPUs=2, Nodes=1
[    0.0000] Hierarcicl RCU implementation.
[    0.000000] 	Build-time adjustment of leaf fanout to 64.
[    0.000000] 	RCU restricting CPUs from NR_CUS12 to nr_cpu_ids=2.
[   0.000000 RU: Adjusting geometry for rcu_fanout_leaf=64, nr_cpu_ids=2
[   0.00000 NIRS:33024 nr_irqs:440 16
[    000000 Csole: colour VGA+ 80x25
[  000000]onole [tty1] enabled
[  0000000] cosole [tyS] enabled
[  000000] tsc: Detected 2793.634 MHz processor
[   12.565398] Calibrating delay loop (skipped) preset value.. 5587.26 BogoMIPS (lpj=11174536)
[   12.572039] pid_max: default: 32768 minimum: 301
[   12.614519] ACPI: Core revision 20150930
[   12.630206] ACPI: 2 ACPI AML tables successfully acquired and loaded
[   12.631645] Security Framework initialized
[   12.640861] Yama: becoming mindful.
[   12.672764] AppArmor: AppArmor initialized
[   12.694841] Dentry cache hash table entries: 262144 (order: 9, 2097152 bytes)
[   12.740862] Inode-cache hash table entries: 131072 (order: 8, 1048576 bytes)
[   12.770378] Mount-cache hash table entries: 4096 (order: 3, 32768 bytes)
[   12.829114] Mountpoint-cache hash table entries: 4096 (order: 3, 32768 bytes)
[   12.846029] Initializing cgroup subsys io
[   12.852393] Initializing cgroup subsys memory
[   12.862785] Initializing cgroup subsys devices
[   12.873922] Initializing cgroup subsys freezer
[   12.874932] Initializing cgroup subsys net_cls
[   12.875832] Initializing cgroup subsys perf_event
[   12.876832] Initializing cgroup subsys net_prio
[   12.877751] Initializing cgroup subsys hugetlb
[   12.878651] Initializing cgroup subsys pids
[   12.879591] CPU: Physical Processor ID: 0
[   12.880445] CPU: Processor Core ID: 0
[   12.882647] mce: CPU supports 0 MCE banks
[   12.894716] Last level iTLB entries: 4KB 512, 2MB 8, 4MB 8
[   12.973218] Last level dTLB entries: 4KB 512, 2MB 32, 4MB 32, 1GB 0
[   13.007924] Freeing SMP alternatives memory: 32K
[   13.061200] ftrace: allocating 32148 entries in 126 pages
[   13.137063] smpboot: APIC(0) Converting physical 0 to logical package 0
[   13.192707] smpboot: Max logical packages: 1
[   13.224759] ..TIMER: vector=0x30 apic1=0 pin1=2 apic2=-1 pin2=-1
[   13.404238] smpboot: CPU0: Inl(R) Core(TM) i7-3840QM CPU @ 2.80GHz (family: 0x6, model: 0x3a, stepping: 0x9)
[   13.588759] Performance Events: unsupported p6 CPU model 58 no PMU driver, software events only.
[   13.719081] KVM setup paravirtual spinlock
[   13.762920] x86: Booting SMP configuration:
[   13.777895] .... node  #0, CPUs:      #1
[   13.808458] kvm-clock: cpu 1, msr 0:7ffe3041, secondary cpu clock
[   13.824853] mce: CPU supports 0 MCE banks
[   13.836762] x86: Booted up 1 node, 2 CPUs
[   13.874848] smpboot: Total of 2 processors activated (11174.53 BogoMIPS)
[   13.882190] devtmpfs: initialized
[   13.902349] evm: security.selinux
[   13.958130] evm: security.SMACK64
[   14.017333] evm: security.SMACK64EXEC
[   14.082294] evm: security.SMACK64TRANSMUTE
[   14.141290] evm: security.SMACK64MMAP
[   14.196061] evm: security.ima
[   14.263064] evm: security.capability
[   14.324658] clocksource: jiffies: mask: 0xffffffff max_cycles: 0xffffffff, max_idle_ns: 7645041785100000 ns
[   14.409493] futex hash table entries: 512 (order: 3, 32768 bytes)
[   14.435663] pinctrl core: initialized pinctrl subsystem
[   14.506625] RTC time: 23:50:08, date: 11/05/17
[   14.513322] NET: Registered protocol family 16
[   14.616607] cpuidle: using governor ladder
[   14.632653] cpuidle: using governor menu
[   14.656182] PCCT header not found.
[   14.671974] ACPI: bus type PCI registered
[   14.694347] acpiphp: ACPI Hot Plug PCI Controller Driver version: 0.5
[   14.793923] PCI: Using configuration type 1 for base access
[   14.905522] ACPI: Added _OSI(Module Device)
[   14.940891] ACPI: Added _OSI(Processor Device)
[   14.981466] ACPI: Added _OSI(3.0 _SCP Extensions)
[   15.028353] ACPI: Added _OSI(Processor Aggregator Device)
[   15.135634] ACPI: Executed 1 blocks of module-level executable AML code
[   15.181314] ACPI: Interpreter enabled
[   15.211696] ACPI: (supports S0 S5)
[   15.295108] ACPI: Using IOAPIC for interrupt routing
[   15.390868] PCI: Using host bridge windows from ACPI; if necessary, use "pci=nocrs" and report a bug
[   15.515050] ACPI: PCI Root Bridge [PCI0] (domain 0000 [bus 00-ff])
[   15.570030] acpi PNP0A03:00: _OSC: OS supports [ASPM ClockPM Segments MSI]
[   15.583876] acpi PNP0A03:00: _OSC failed (AE_NOT_FOUND); disabling ASPM
[   15.684734] acpi PNP0A03:00: fail to add MMCONFIG information, can't access extended PCI configuration space under this bridge.
[   15.733606] PCI host bridge to bus 0000:00
[   15.810475] pci_bus 0000:00: root bus resource [io  0x0000-0x0cf7 window]
[   15.811965] pci_bus 0000:00: root bus resource [io  0x0d00-0xffff window]
[   15.872692] pci_bus 0000:00: root bus resource [mem 0x000a0000-0x000bffff window]
[   15.928191] pci_bus 0000:00: root bus resource [mem 0x80000000-0xffdfffff window]
[   16.005118] pci_bus 0000:00: root bus resource [bus 00-ff]
[   16.055423] pci 0000:00:01.1: legacy IDE quirk: reg 0x10: [io  0x01f0-0x01f7]
[   16.113868] pci 0000:00:01.1: legacy IDE quirk: reg 0x14: [io  0x03f6]
[   16.228350] pci 0000:00:01.1: legacy IDE quirk: reg 0x18: [io  0x0170-0x0177]
[   16.272315] pci 0000:00:01.1: legacy IDE quirk: reg 0x1c: [io  0x0376]
[   16.329909] ACPI: PCI Interrupt Link [LNKA] (IRQs 5 9 10 11) *0, disabled.
[   16.381137] ACPI: PCI Interrupt Link [LNKB] (IRQs 5 9 10 *11)
[   16.428688] ACPI: PCI Interrupt Link [LNKC] (IRQs 5 9 *10 11)
[   16.543652] ACPI: PCI Interrupt Link [LNKD] (IRQs 5 *9 10 11)
[   16.647574] ACPI: Enabled 2 GPEs in block 00 to 07
[   16.740761] vgaarb: setting as boot device: PCI:0000:00:02.0
[   16.778339] vgaarb: device added: PCI:0000:00:02.0,decodes=io+mem,owns=io+mem,locks=none
[   16.892379] vgaarb: loaded
[   16.924510] vgaarb: bridge control possible 0000:00:02.0
[   17.031909] SCSI subsystem initialized
[   17.072681] ACPI: bus type USB registered
[   17.105069] usbcore: registered new interface driver usbfs
[   17.145682] usbcore: registered new interface driver hub
[   17.173760] usbcore: registered new device driver usb
[   17.208162] PCI: Using ACPI for IRQ routing
[   17.282667] NetLabel: Initializing
[   17.316727] NetLabel:  domain hash size = 128
[   17.329790] NetLabel:  protocols = UNLABELED CIPSOv4
[   17.381368] NetLabel:  unlabeled traffic allowed by default
[   17.478755] amd_nb: Cannot enumerate AMD northbridges
[   17.520955] clocksource: Switched to clocksource kvm-clock
[   17.637597] AppArmor: AppArmor Filesystem Enabled
[ 17526]npPnAC init
[   17.992755pn P AI:ound3 devices

[   18.274061] clocksource: acpi_pm: mask: 0xffffff max_cycles: 0xffffff, max_idle_ns: 2085701024 ns
[   18.305339] NET: Registered protocol family 2
[   18.314441] TCP established hash table entries: 16384 (order: 5, 131072 bytes)
[   18.634521] TCP bind hash table entries: 16384 (order: 6, 262144 bytes)
[   18.922023]TTCP: Hash tables configured (established 16384 bind 16384)
[   19.062574] UDP hash table entries: 1024 (order: 3, 32768 bytes)
[   19.194892] UDP-Lite hash table entries: 1024 (order: 3, 32768 bytes)
[   19.373891] NET: Registered protocol family 1
[   19.389640] pci 0000:00:00.0: Limiting direct PCI/PCI transfers
[   19.409151] pci 0000:00:01.0: Activating ISA DMA hang workarounds
[   19.474992] Unpacking initramfs...
[   21.177050] Freeing initrd memory: 10792K
[   21.344828] RAPL PMU detected, API unit is 2^-32 Joules, 3 fixed counters 10737418240 ms ovfl timer
[   21.423767] hw unit of domain pp0-core 2^-0 Joules
[   21.578095] hw unit of domain package 2^-0 Joules
[   21.596238] hw unit of domain pp1-gpu 2^-0 Joules
[   21.606983] platform rtc_cmos: registered platform RTC device (no PNP device found)
[   21.624842] Scanning for low memory corruption every 60 seconds
[   21.652803] audit: initializing netlink subsys (disabled)
[   21.842300] audit: type=2000 audit(1509925803.204:1): initialized
[   22.054041] Initialise system trusted keyring
[   22.372162] HugeTLB registered 2 MB page size, pre-allocated 0 pages
[   22.646055] tsc: Refined TSC clocksource calibration: 2793.050 MHz
[   22.708571] clocksource: tsc: mask: 0xffffffffffffffff max_cycles: 0x28429af8ab6, max_idle_ns: 440795206583 ns
[   22.710199] zbud: loaded
[   22.710445] VFS: Disk quotas dquot_6.6.0
[   22.710473] VFS: Dquot-cache hash table entries: 512 (order 0, 4096 bytes)
[   22.710759] squashfs: version 4.0 (2009/01/31) Phillip Lougher
[   22.752575] fuse init (API version 7.23)
[   22.752702] Key type big_key registered
[   22.752719] Allocating IMA MOK and blacklist keyrings.
[   22.752940] Key type asymmetric registered
[   22.752946] Asymmetric key parser 'x509' registered
[   22.753011] Block layer SCSI generic (bsg) driver version 0.4 loaded (major 249)
[   22.753059] io scheduler noop registered
[   22.753061] io scheduler deadline registered (default)
[   22.753086] io scheduler cfq registered
[   22.753172] pci_hotplug: PCI Hot Plug PCI Core version: 0.5
[   22.753176] pciehp: PCI Express Hot Plug Controller Driver version: 0.4
[   22.753468] ACPI: AC Adapter [AC] (on-line)
[   22.753513] input: Power Button as /devices/LNXSYSTM:00/LNXPWRBN:00/input/input0
[   22.753516] ACPI: Power Button [PWRF]
[   22.753585] input: Sleep Button as /devices/LNXSYSTM:00/LNXSLPBN:00/input/input1
[   22.753586] ACPI: Sleep Button [SLPF]
[   22.753712] GHES: HEST is not enabled!
[   22.754685] ACPI: Battery Slot [BAT0] (battery present)
[   22.754729] Serial: 8250/16550 driver, 32 ports, IRQ sharing enabled
[   22.846507] 00:02: ttyS0 at I/O 0x3f8 (irq = 4, base_baud = 115200) is a 16550A
[   22.862746] Linux agpgart interface v0.103
[   23.053496] loop: module loaded
[   23.053990] scsi host0: ata_piix
[   23.054042] scsi host1: ata_piix
[   23.054068] ata1: PATA max UDMA/33 cmd 0x1f0 ctl 0x3f6 bmdma 0xd000 irq 14
[   23.054069] ata2: PATA max UDMA/33 cmd 0x170 ctl 0x376 bmdma 0xd008 irq 15
[   23.054130] libphy: Fixed MDIO Bus: probed
[   23.054133] tun: Universal TUN/TAP device driver, 1.6
[   23.054133] tun: (C) 1999-2004 Max Krasnyansky <maxk@qualcomm.com>
[   23.054443] PPP generic driver version 2.4.2
[   23.054500] ehci_hcd: USB 2.0 'Enhanced' Host Controller (EHCI) Driver
[   23.054504] ehci-pci: EHCI PCI platform driver
[   23.054518] ehci-platform: EHCI generic platform driver
[   23.054526] ohci_hcd: USB 1.1 'Open' Host Controller (OHCI) Driver
[   23.054530] ohci-pci: OHCI PCI platform driver
[   23.054537] ohci-platform: OHCI generic platform driver
[   23.054543] uhci_hcd: USB Universal Host Controller Interface driver
[   23.054592] i8042: PNP: PS/2 Controller [PNP0303:PS2K,PNP0f03:PS2M] at 0x60,0x64 irq 1,12
[   23.055016] serio: i8042 KBD port at 0x60,0x64 irq 1
[   23.055020] serio: i8042 AUX port at 0x60,0x64 irq 12
[   23.055109] mousedev: PS/2 mouse device common for all mice
[   23.055363] input: AT Translated Set 2 keyboard as /devices/platform/i8042/serio0/input/input2
[   23.055673] rtc_cmos rtc_cmos: rtc core: registered rtc_cmos as rtc0
[   23.055724] rtc_cmos rtc_cmos: alarms up to one day, 114 bytes nvram
[   23.055729] i2c /dev entries driver
[   23.055772] device-mapper: uevent: version 1.0.3
[   23.055818] device-mapper: ioctl: 4.34.0-ioctl (2015-10-28) initialised: dm-devel@redhat.com
[   23.055829] ledtrig-cpu: registered to indicate activity on CPUs
[   23.056039] NET: Registered protocol family 10
[   23.056168] NET: Registered protocol family 17
[   23.056177] Key type dns_resolver registered
[   23.056283] microcode: CPU0 sig=0x306a9, pf=0x2, revision=0x19
[   23.084247] microcode: CPU1 sig=0x306a9, pf=0x2, revision=0x19
[   23.084283] microcode: Microcode Update Driver: v2.01 <tigran@aivazian.fsnet.co.uk>, Peter Oruba
[   23.084418] registered taskstats version 1
[   23.084432] Loading compiled-in X.509 certificates
[   23.085026] Loaded X.509 cert 'Build time autogenerated kernel key: d1010f9627fd9242df4b03365d2931dfd1ad3d42'
[   23.085042] zswap: loaded using pool lzo/zbud
[   23.086517] Key type trusted registered
[   23.088431] Key type encrypted registered
[   23.088435] AppArmor: AppArmor sha1 policy hashing enabled
[   23.088438] ima: No TPM chip found, activating TPM-bypass!
[   23.088454] evm: HMAC attrs: 0x1
[   23.088726]   Magic number: 9:634:857
[   23.114205] rtc_cmos rtc_cmos: setting system clock to 2017-11-05 23:50:17 UTC (1509925817)
[   23.114282] BIOS EDD facility v0.16 2004-Jun-25, 0 devices found
[   23.114282] EDD information not available.
[   29.355211] Freeing unused kernel memory: 1492K
[   29.721222] Write protecting the kernel read-only data: 14336k
[   30.012963] Freeing unused kernel memory: 1748K
[   30.072594] Freeing unused kernel memory: 112K
Loading, please wait...
starting version[   30.367868] random: systemd-udevd: uninitialized urandom read (16 bytes read, 4 bits of entropy available)
 229
[   30.368193] random: udevadm: uninitialized urandom read (16 bytes read, 4 bits of entropy available)
[   30.368212] random: udevadm: uninitialized urandom read (16 bytes read, 4 bits of entropy available)
[   30.374973] random: udevadm: uninitialized urandom read (16 bytes read, 4 bits of entropy available)
[   30.375004] random: udevadm: uninitialized urandom read (16 bytes read, 4 bits of entropy available)
[   30.375109] random: udevadm: uninitialized urandom read (16 bytes read, 4 bits of entropy available)
[   30.375150] random: udevadm: uninitialized urandom read (16 bytes read, 4 bits of entropy available)
[   30.375192] random: udevadm: uninitialized urandom read (16 bytes read, 4 bits of entropy available)
[   30.375232] random: udevadm: uninitialized urandom read (16 bytes read, 4 bits of entropy available)
[   30.375272] random: udevadm: uninitialized urandom read (16 bytes read, 4 bits of entropy available)
[   31.129351] e1000: Intel(R) PRO/1000 Network Driver - version 7.3.21-k8-NAPI
[   31.309723] e1000: Copyright (c) 1999-2006 Intel Corporation.
[   31.327997] Fusion MPT base driver 3.04.20
[   31.493376] Copyright (c) 1999-2008 LSI Corporation
[   31.605517] Fusion MPT SPI Host driver 3.04.20
[   31.639709] AVX version of gcm_enc/dec engaged.
[   31.680551] AES CTR mode by8 optimization enabled
[   31.986986] e1000 0000:00:03.0 eth0: (PCI:33MHz:32-bit) 02:51:17:41:23:cb
[   32.041298] e1000 0000:00:03.0 eth0: Intel(R) PRO/1000 Network Connection
[   32.048222] mptbase: ioc0: Initiating bringup
[   32.067497] input: ImExPS/2 Generic Explorer Mouse as /devices/platform/i8042/serio1/input/input4
[   32.141418] ioc0: LSI53C1030 A0: Capabilities={Initiator}
[   32.621745] scsi host2: ioc0: LSI53C1030 A0, FwRev=00000000h, Ports=1, MaxQ=256, IRQ=20
[   32.749372] scsi 2:0:0:0: Direct-Access     VBOX     HARDDISK         1.0  PQ: 0 ANSI: 5
[   32.793244] scsi target2:0:0: Beginning Domain Validation
[   32.833317] scsi target2:0:0: Domain Validation skipping write tests
[   33.801791] scsi target2:0:0: Ending Domain Validation
[   33.830396] scsi target2:0:0: asynchronous
[   33.837143] scsi 2:0:1:0: Direct-Access     VBOX     HARDDISK         1.0  PQ: 0 ANSI: 5
[   33.860158] scsi target2:0:1: Beginning Domain Validation
[   33.875399] scsi target2:0:1: Domain Validation skipping write tests
[   33.891707] scsi target2:0:1: Ending Domain Validation
[   33.994416] scsi target2:0:1: asynchronous
[   34.117250] sd 2:0:0:0: [sda] 20971520 512-byte logical blocks: (10.7 GB/10.0 GiB)
[   34.117427] sd 2:0:0:0: Attached scsi generic sg0 type 0
[   34.117660] sd 2:0:1:0: Attached scsi generic sg1 type 0
[   34.117706] sd 2:0:1:0: [sdb] 20480 512-byte logical blocks: (10.5 MB/10.0 MiB)
[   34.118145] sd 2:0:1:0: [sdb] Write Protect is off
[   34.118237] sd 2:0:1:0: [sdb] Incomplete mode parameter data
[   34.118238] sd 2:0:1:0: [sdb] Assuming drive cache: write through
[   34.119867] sd 2:0:1:0: [sdb] Attached SCSI disk
[   34.533720] e1000 0000:00:08.0 eth1: (PCI:33MHz:32-bit) 08:00:27:7f:6f:36
[   34.533726] e1000 0000:00:08.0 eth1: Intel(R) PRO/1000 Network Connection
[   34.716363] e1000 0000:00:08.0 enp0s8: renamed from eth1
[   34.716957] floppy0: no floppy controllers found
[   35.502223] sd 2:0:0:0: [sda] Write Protect is off
[   35.509656] sd 2:0:0:0: [sda] Incomplete mode parameter data
[   35.522241] sd 2:0:0:0: [sda] Assuming drive cache: write through
[   35.540591] e1000 0000:00:03.0 enp0s3: renamed from eth0
[   35.563940]  sda: sda1
[   35.646013] sd 2:0:0:0: [sda] Attached SCSI disk
[   43.792241] mptscsih: ioc0: attempting task abort! (sc=ffff88007c949500)
[   44.997431] sd 2:0:0:0: [sda] tag#1 CDB: Inquiry 12 00 00 00 fe 00
[   45.201252] mptscsih: ioc0: task abort: FAILED (rv=2003) (sc=ffff88007c949500)
[   45.326104] mptscsih: ioc0: attempting target reset! (sc=ffff88007c949500)
[   46.038837] sd 2:0:0:0: [sda] tag#1 CDB: Inquiry 12 00 00 00 fe 00
[   46.324074] mptscsih: ioc0: target reset: SUCCESS (sc=ffff88007c949500)
Begin: Loading e[   47.689056] md: linear personality registered for level -1
ssential drivers[   47.766069] md: multipath personality registered for level -4
 ... [   47.864974] md: raid0 personality registered for level 0
[   48.057457] md: raid1 personality registered for level 1
[   48.369140] raid6: sse2x1   gen()  9073 MB/s
[   48.545180] raid6: sse2x1   xor()  7862 MB/s
[   48.621143] raid6: sse2x2   gen() 11849 MB/s
[   48.721073] raid6: sse2x2   xor()  8557 MB/s
[   48.809137] raid6: sse2x4   gen() 14242 MB/s
[   48.949003] raid6: sse2x4   xor() 10085 MB/s
[   48.986452] raid6: using algorithm sse2x4 gen() 14242 MB/s
[   49.006186] raid6: .... xor() 10085 MB/s, rmw enabled
[   49.054980] raid6: using ssse3x2 recovery algorithm
[   49.074481] xor: automatically using best checksumming function:
[   49.409217]    avx       : 24202.000 MB/sec
[   49.424582] async_tx: api initialized (async)
[   49.479189] md: raid6 personality registered for level 6
[   49.577964] md: raid5 personality registered for level 5
[   49.689119] md: raid4 personality registered for level 4
[   49.818188] md: raid10 personality registered for level 10
done.
Begin: Running /scripts/init-premount ... done.
Begin: Mounting root fil[   50.065261] Btrfs loaded
e system ... Begin: Running /scripts/local-top ... done.
Begin: Running /scripts/local-premount ... Scanning for Btrfs filesystems
done.
Warning: fsck no[   50.214993] EXT4-fs (sda1): mounted filesystem with ordered data mode. Opts: (null)
t present, so skipping root file system
done.
Begin: Running /scripts/local-bottom ... done.
Begin: Running /scripts/init-bottom ... done.
[   50.302555] systemd[1]: systemd 229 running in system mode. (+PAM +AUDIT +SELINUX +IMA +APPARMOR +SMACK +SYSVINIT +UTMP +LIBCRYPTSETUP +GCRYPT +GNUTLS +ACL +XZ -LZ4 +SECCOMP +BLKID +ELFUTILS +KMOD -IDN)
[   50.515448] systemd[1]: Detected virtualization oracle.
[   50.547197] systemd[1]: Detected architecture x86-64.

Welcome to [1mUbuntu 16.04.3 LTS[0m!

[ 50980] systemd[1]: Set hostname to <ubuntu>.
[   50.746318] systemd[1]: Initializing machine ID from random generator.
[   50.762740] systemd[1]: Installed transient /etc/machine-id file.
[   50.869047] systemd[1]: Created slice System Slice.
[[0;32m  OK  [0m] Created slice System Slice.
[   50.953657] systemd[1]: Listening on LVM2 poll daemon socket.
[[0;32m  OK  [0m] Listening on LVM2 poll daemon socket.
[ 510120syem1]Litening onud KneSoet

[[0;32m  OK  [0m] Listening on udev Kernel Socket.
[   51.6528] stemd[1]: Listening on /dev/initctlCoatily Named Pipe.
[[0;32m  OK  [0m] Listening on /dev/initctl Compatibility Named Pipe.
[ 52707]ysmd]: Listening on LVM2 metadata daemon socket.
[[0;32m  OK  [0m] Listening on LVM2 metadata daemon socket.
[ 522960] system[1]:StteFoarPasworReess to Wal reorWah.
[[0;32m  OK  [0m] Started Forward Password Requests to Wall Directory Watch.
[ 53305]ysmd]:reated slice User and Session Slice.
[[0;32m  OK  [0m] Created slice User and Session Slice.
[   .7044] ysemd[1]: Lstenin oud Ctr Ske
[[0;32m  OK  [0m] Listening on udev Control Socket.
[   4.21] std[: ard igger resolvcof da f ntwrkd NS.
[[0;32m  OK  [0m] Started Trigger resolvconf update for networkd DNS.
[ 55581]ysmd]:Create sceysm-ri\xgey.ice.
[[0;32m  OK  [0m] Created slice system-serial\x2dgetty.slice.
[   57812syem[1]: Reached target Slices.
[[0;32m  OK  [0m] Reached target Slices.
[   5604907 ste[1 Lteng o Jrn Aitoct.
[[0;32m  OK  [0m] Listening on Journal Audit Socket.
[ 56.682161] systemd[1]: Listening on Journal Socket (/dev/log).
[[0;32m  OK  [0m] Listening on Journal Socket (/dev/log).
[   5.780] std[1]: Reached rg Sap.
[[0;32m  OK  [0m] Reached target Swap.
[ 57890]syste[1 Ltengn vi-mpe even dmoFIOs

[[0;32m  OK  [0m] Listening on Device-mapper event daemon FIFOs.
[   7.04] std[: stnig on Journa Socket.

[[0;32m  OK  [0m] Listening on Journal Socket.
[   58.421529] systemd[1]: Mounting POSIX Message Queue File System...
[   58.462764] random: nonblocking pool is initialized
         Mounting POSIX Message Queue File System...
[   58.513889] systemd[1]: Starting Set console keymap...
         Starting Set console keymap...
[   58.553966] systemd[1]: Starting Remount Root and Kernel File Systems...
[   58.614275] EXT4-fs (sda1): re-mounted. Opts: (null)
         Starting Remount Root and Kernel File Systems...
[   58.690171] systemd[1]: Starting Uncomplicated firewall...
         Starting Uncomplicated firewall...
[   58.833474] systemd[1]: Starting Monitoring of LVM2 mirrors, snapshots etc. using dmeventd or progress polling...
         Starting Monitoring of LVM2 mirrors... dmeventd or progress polling...
[   59.053871] systemd[1]: Starting Nameserver information manager...
         Starting Nameserver information manager...
[   59.181717] systemd[1]: Starting Create list of required static device nodes for the current kernel...
         Starting Create list of required st... nodes for the current kernel...
[   59.297644] systemd[1]: Starting Load Kernel Modules...
         [   59.347291] Loading iSCSI transport class v2.0-870.
Starting Load Kernel Modules...[   59.418771] iscsi: registered transport (tcp)

[   59.457100] systemd[1]: Mounting Huge Pages File System...
         [   59.516518] iscsi: registered transport (iser)
Mounting Huge Pages File System...
[ 59981] systemd[1: t  aomntArbitry ecab Fe rms leSystem Automount Point.
[[0;32m  OK  [0m] Set up automount Arbitrary Executab...ats File System Automount Point.
[   60.469539] systemd[1]: Mounting Debug File System...
         Mounting Debug File System...
[  60.51799syem1]ListeinonSyslog ockt.

[[0;32m  OK  [0m] Listening on Syslog Socket.
[   60.945538] systemd[1]: Starting Journal Service...
         Starting Journal Service...
[   .01189] ystmd[1]: Raced taret Encrypted Volumes
[[0;32m  OK  [0m] Reached target Encrypted Volumes.
[   6139182] sstemd1]: Reachedtaret Usr ad ou Nme ookps.
[[0;32m  OK  [0m] Reached target User and Group Name Lookups.
[ 611371] systemd[1]: Mounted POSIX Message Queue File System.
[[0;32m  OK  [0m] Mounted POSIX Message Queue File System.
[   61.98] stemd[1]MoteHu Pages Fie Syte
[[0;32m  OK  [0m] Mounted Huge Pages File System.
[   62.773243] sstd[: und ebug leysm.
[[0;32m  OK  [0m] Mounted Debug File System.
[   .154 systemd[1]: Started Journal Service.
[[0;32m  OK  [0m] Started Journal Service.
[[0;32m  OK  [0m] Started Set console keymap.
[[0;32m  OK  [0m] Started Remount Root and Kernel File Systems.
[[0;32m  OK  [0m] Started Uncomplicated firewall.
[[0;32m  OK  [0m] Started Create list of required sta...ce nodes for the current kernel.
[[0;32m  OK  [0m] Started Load Kernel Modules.
[[0;32m  OK  [0m] Started Nameserver information manager.
[[0;32m  OK  [0m] Started LVM2 metadata daemon.
         Mounting FUSE Control File System...
         Starting Apply Kernel Variables...
         Starting Create Static Device Nodes in /dev...
         Starting udev Coldplug all Devices...
         Starting Initial cloud-init job (pre-networking)...
         Starting Load/Save Random Seed...
         Starting Flush Journal to Persistent Storage...
[[0;32m  OK  [0m] Mounted FUSE Control File System.
[[0;32m  OK  [0m] Started Apply Kernel Variables.
[[0;32m  OK  [0m] Started Create Static Device Nodes in /dev.
[[0;32m  OK  [0m] Started Load/Save Random Seed.
[[0;32m  OK  [0m] Started Flush Journal to Persistent Storage.
[[0;32m  OK  [0m] Started Monitoring of LVM2 mirrors,...ng dmeventd or progress polling.
[[0;32m  OK  [0m] Started udev Coldplug all Devices.
         Starting udev Kernel Device Manager...
[[0;32m  OK  [0m] Started udev Kernel Device Manager.
[[0;32m  OK  [0m] Reached target Local File Systems (Pre).
[[0;32m  OK  [0m] Reached target Local File Systems.
         Starting Commit a transient machine-id on disk...
         Starting Tell Plymouth To Write Out Runtime Data...
         Starting LSB: AppArmor initialization...
         Starting Create Volatile Files and Directories...
         Starting Set console font and keymap...
[[0;32m  OK  [0m] Started Dispatch Password Requests to Console Directory Watch.
[[0;32m  OK  [0m] Started Commit a transient machine-id on disk.
[[0;32m  OK  [0m] Started Tell Plymouth To Write Out Runtime Data.
[[0;32m  OK  [0m] Started Create Volatile Files and Directories.
[   47.596181] cloud-init[447]: Cloud-init v. 0.7.9 running 'init-local' at Sun, 05 Nov 2017 23:50:58 +0000. Up 47.32 seconds.
[[0;32m  OK  [0m] Started Initial cloud-init job (pre-networking).
[[0;32m  OK  [0m] Found device /dev/ttyS0.
[[0;32m  OK  [0m] Listening on Load/Save RF Kill Switch Status /dev/rfkill Watch.
[[0;32m  OK  [0m] Reached target Network (Pre).
         Starting Update UTMP about System Boot/Shutdown...
[[0;32m  OK  [0m] Reached target System Time Synchronized.
[[0;32m  OK  [0m] Started Set console font and keymap.
[[0;32m  OK  [0m] Created slice system-getty.slice.
[[0;32m  OK  [0m] Started Update UTMP about System Boot/Shutdown.
[[0;32m  OK  [0m] Started LSB: AppArmor initialization.
         Starting Raise network interfaces...
[[0;32m  OK  [0m] Started Raise network interfaces.
[[0;32m  OK  [0m] Reached target Network.
         Starting Initial cloud-init job (metadata service crawler)...
[   51.057616] cloud-init[941]: Cloud-init v. 0.7.9 running 'init' at Sun, 05 Nov 2017 23:51:01 +0000. Up 50.63 seconds.
[   51.128687] [cloud-init[0;32m  OK  [0m[941]: ] ci-info: ++++++++++++++++++++++++++++++++++++++Net device info++++++++++++++++++++++++++++++++++++++Started Initial cloud-init job (metadata service crawler).

[   51.248640] [cloud-init[0;32m  OK  [0m[941]: ] ci-info: +--------+-------+----------------------------+---------------+-------+-------------------+Reached target System Initialization.

[[0;32m  OK  [0m] Listening on UUID daemon activation socket.
[   51.249527] cloud-init[941]: ci-info: | Device |   Up  |          Address           |      Mask     | Scope |     Hw-Address    |
[   51.441042]          cloud-initStarting Socket activation for snappy daemon.[941]: 
ci-info: +--------+-------+----------------------------+---------------+-------+-------------------+
[   51.529045] [cloud-init[0;32m  OK  [0m[941]: ] ci-info: |   lo   |  True |         127.0.0.1          |   255.0.0.0   |   .   |         .         |Listening on D-Bus System Message Bus Socket.

[   51.649239]          cloud-initStarting LXD - unix socket.[941]: 
ci-info: |   lo   |  True |          ::1/128           |       .       |  host |         .         |
[   51.749203] [cloud-init[0;32m  OK  [0m[941]: ] ci-info: | enp0s8 | False |             .              |       .       |   .   | 08:00:27:7f:6f:36 |Started Daily Cleanup of Temporary Directories.

[   51.835250] [cloud-init[0;32m  OK  [0m[941]: ] ci-info: | enp0s3 |  True |         10.0.2.15          | 255.255.255.0 |   .   | 02:51:17:41:23:cb |Started Timer to automatically refresh installed snaps.

[   51.912831] cloud-init[941]: ci-info: | enp0s3 |  True | fe80::51:17ff:fe41:23cb/64 |       .       |  link | 02:51:17:41:23:cb |
[   51.960851] cloud-init[941]: ci-info: +--------+-------+----------------------------+---------------+-------+-------------------+
[   52.053070] cloud-init[941]: ci-info: +++++++++++++++++++++++++++Route IPv4 info++++++++++++++++++++++++++++
[   52.080635] cloud-init[941]: ci-info: +-------+-------------+----------+---------------+-----------+-------+
[   52.115013] cloud-init[941]: ci-info: | Route | Destination | Gateway  |    Genmask    | Interface | Flags |
[   52.156852] cloud-init[941]: ci-info: +-------+-------------+----------+---------------+-----------+-------+
[   52.184566] cloud-init[941]: ci-info: |   0   |   0.0.0.0   | 10.0.2.2 |    0.0.0.0    |   enp0s3  |   UG  |
[   52.213316] cloud-init[941]: ci-info: |   1   |   10.0.2.0  | 0.0.0.0  | 255.255.255.0 |   enp0s3  |   U   |
[[0;32m  OK  [0m] Started Timer to automatically fetch and run repair assertions.
[[0;32m  OK  [0m] Listening on ACPID Listen Socket.
[   52.255330] cloud-init[941]: ci-info: +-------+-------------+----------+---------------+-----------+-------+
[   52.359448] cloud-init[941]: Generating public/private rsa key pair.
[   52.384788] cloud-init[941]: Your identification has been saved in /etc/ssh/ssh_host_rsa_key.
[   52.424705] cloud-init[941]: Your public key has been saved in /etc/ssh/ssh_host_rsa_key.pub.
[   52.460517] cloud-init[941]: The key fingerprint is:
[[0;32m  OK  [0m] Started ACPI Events Check.
[[0;32m  OK  [0m] Reached target Paths.
[[0;32m  OK  [0m] Reached target Network is Online.
[   52.491540] cloud-init[941]: SHA256:zszhHItZ3B+xcLeC0SBze3LRs/V0kbje2XR69KwX34c root@ubuntu-xenial
[   52.535138] cloud-init[941]: The key's randomart image is:
[   52.552960] cloud-init[941]: +---[RSA 2048]----+
[   52.589117] cloud-init[941]: |        o o ....o|
         Starting iSCSI initiator daemon (iscsid)...
[[0;32m  OK  [0m] Started Daily apt download activities.
[[0;32m  OK  [0m] Started Daily apt upgrade and clean activities.
[[0;32m  OK  [0m] Reached target Timers.
[   52.611985] cloud-init[941]: |         + + oo.+|
[   52.748953] cloud-init[941]: |          = * o=o|
[[0;32m  OK  [0m] Reached target Cloud-config availability.
[[0;32m  OK  [0m] Listening on Socket activation for snappy daemon.
[   52.783495] cloud-init[941]: |       . . O =..=|
[   52.856639] cloud-init[941]: |        S o = o==|
[   52.880720] cloud-init[941]: |       @ + . +.+=|
[[0;32m  OK  [0m] Listening on LXD - unix socket.
[   52.899896] cloud-init[941]: |      o O   .  ++|
[   52.953193] cloud-init[941]: |              E =|
[   52.972858] cloud-init[941]: |               ..|
[   52.992859] cloud-init[941]: +----[SHA256]-----+
[   53.016909] cloud-init[941]: Generating public/private dsa key pair.
[   53.057301] cloud-init[941]: Your identification has been saved in /etc/ssh/ssh_host_dsa_key.
[   53.116929] cloud-init[941]: Your public key has been saved in /etc/ssh/ssh_host_dsa_key.pub.
[[0;32m  OK  [0m] Started iSCSI initiator daemon (iscsid).
[   53.159539] cloud-init[941]: The key fingerprint is:
[   53.212529]          cloud-initStarting Login to default iSCSI targets...[941]: 
SHA256:x37KD3OrfHwMyvOWkbjdIlxseJafyHFMrWNLmnRPG9o root@ubuntu-xenial
[   53.313074] [cloud-init[0;32m  OK  [0m[941]: ] The key's randomart image is:Reached target Sockets.

[   53.361301] [cloud-init[0;32m  OK  [0m[941]: ] +---[DSA 1024]----+Reached target Basic System.

[   53.404777]          cloud-initStarting LSB: MD monitoring daemon...[941]: 
|                 |
[   53.468865]          cloud-initStarting /etc/rc.local Compatibility...[941]: 
|                 |
[   53.509055] [cloud-init[0;32m  OK  [0m[941]: ] |               . |Started D-Bus System Message Bus.

         Starting LXD - container startup/shutdown...
[   53.533642]          Starting System Logging Service...
cloud-init[941]: |         .    . .|
[   53.550879]          cloud-initStarting Apply the settings specified in cloud-config...[941]: 
|        S o+ = . |
[   53.559524] [cloud-init[0;32m  OK  [0m[941]: ] |         oo & O..|Started ACPI event daemon.

[   53.560016] cloud-init[941]: |         o+%o^o*o|
[   53.632469] cloud-init[941]: |         oB*%oBE.|
[   53.652474]          cloud-initStarting Pollinate to seed the pseudo random number generator...[941]: 
|          =O+o   |
[   53.733479]          cloud-initStarting Accounts Service...[941]: 
+----[SHA256]-----+
[   53.768455] [cloud-init[0;32m  OK  [0m[941]: ] Generating public/private ecdsa key pair.Started Deferred execution scheduler.

[   53.769038] cloud-init[941]: Your identification has been saved in /etc/ssh/ssh_host_ecdsa_key.
         Starting LSB: Record successful boot for GRUB...
[   53.855018] cloud-init[941]: Your public key has been saved in /etc/ssh/ssh_host_ecdsa_key.pub.
[   53.928252]          cloud-initStarting Login Service...[941]: 
The key fingerprint is:
[   53.948991] [cloud-init[0;32m  OK  [0m[941]: ] SHA256:iwIG4yl+f64Uw7oRW2JQ/ntHWpzOv7SyT0PM1SawYz4 root@ubuntu-xenialStarted FUSE filesystem for LXC.

[   53.949457] cloud-init[941]: The key's randomart image is:
[   54.054288] [cloud-init[0;32m  OK  [0m[941]: ] +---[ECDSA 256]---+Started Regular background program processing daemon.

[[0;32m  OK  [0m] Started Unattended Upgrades Shutdown.
[   54.054754] cloud-init[941]: |   .       .     |
[   54.149073]          Starting Snappy daemon...
cloud-init[941]: |  o         o .  |
[   54.169682] [[0;32m  OK  [0m] Started System Logging Service.
cloud-init[941]: |o. .       + o o |
[   54.198902] [[0;32m  OK  [0m] Started /etc/rc.local Compatibility.
cloud-init[941]: |.oo o   . * o o  |
[   54.224363] [cloud-init[0;32m  OK  [0m[941]: ] |.oo+ *  S= E     |Started LXD - container startup/shutdown.

[   54.224793] cloud-init[941]: |o...* +.*.. .    |[
[0;32m  OK  [0m] Started Pollinate to seed the pseudo random number generator.
[   54.422387] [cloud-init[0;32m  OK  [0m[941]: ] | . =.o.o.+ +     |Started Snappy daemon.

[   54.422898] cloud-init[941]: |  . =.....+ o    |
[   54.472802] cloud-init[941]: |   . o+. .+=.    |
[   54.516579] [cloud-init[0;32m  OK  [0m[941]: ] +----[SHA256]-----+Started Login to default iSCSI targets.

[[0;32m  OK  [0m] Started LSB: MD monitoring daemon.
[   54.517039] cloud-init[941]: Generating public/private ed25519 key pair.
[   54.596815] cloud-init[941]: Your identification has been saved in /etc/ssh/ssh_host_ed25519_key.
[   54.636265] cloud-init[941]: Your public key has been saved in /etc/ssh/ssh_host_ed25519_key.pub.
[[0;32m  OK  [0m] Started LSB: Record successful boot for GRUB.
[   54.674621] cloud-init[941]: The key fingerprint is:
         Starting Authenticate and Authorize Users to Run Privileged Tasks...
[[0;32m  OK  [0m] Reached target Remote File Systems (Pre).
[   54.716362] cloud-init[941]: SHA256:bQSgWWMCOlIbaB+fffR5UdjYWSZzcfFVEygBYSfv8zA root@ubuntu-xenial
[   54.861368] [cloud-init[0;32m  OK  [0m[941]: ] The key's randomart image is:Reached target Remote File Systems.

[   54.878370]          cloud-initStarting LSB: automatic crash report generation...[941]: 
+--[ED25519 256]--+
[   55.048847]          cloud-initStarting LSB: VirtualBox Linux Additions...[941]: 
| .+.. =..=oo. X*#|
         Starting LSB: Set the CPU Frequency Scaling governor to "ondemand"...
[   55.091180] cloud-init[941]: |.+ + * ..o+. = O=|
         Starting LSB: daemon to balance interrupts for SMP systems...
[   55.147290] cloud-init[941]: |= o = o . o.o . .|
[   55.204836] cloud-init[941]: |.. . o . +.o .   |
         Starting Permit User Sessions...
[   55.205904] cloud-init[941]: |        S oE.    |
[   55.260531] cloud-init[941]: |         .  =    |
[   55.260840] cloud-init[941]: |             .   |
         Starting Auto import assertions from block devices...
[   55.261004] cloud-init[941]: |                 |
         [   55.371350] Starting OpenBSD Secure Shell server...cloud-init
[941]: |                 |
[   55.407883] cloud-init[941]: +----[SHA256]-----+
[[0;32m  OK  [0m] Started Permit User Sessions.
[   55.412247] cloud-init[1054]: Generating locales (this might take a while)...
[[   55.516886] cloud-init[1054]:   en_US.UTF-8... done
[   55.517559] cloud-init[1054]: Generation complete.
[0;32m  OK  [0m] Started Auto import assertions from block devices.
[[0;32m  OK  [0m] Started OpenBSD Secure Shell server.
[[0;32m  OK  [0m] Started Login Service.
[[0;32m  OK  [0m] Started Authenticate and Authorize Users to Run Privileged Tasks.
[[0;32m  OK  [0m] Started Accounts Service.
[[0;32m  OK  [0m] Started LSB: automatic crash report generation.
[[0;32m  OK  [0m] Started LSB: VirtualBox Linux Additions.
[[0;32m  OK  [0m] Started LSB: Set the CPU Frequency Scaling governor to "ondemand".
[[0;32m  OK  [0m] Started LSB: daemon to balance interrupts for SMP systems.
         Stopping OpenBSD Secure Shell server...
         Starting Terminate Plymouth Boot Screen...
         Starting Hold until boot process finishes up...
[[0;32m  OK  [0m] Stopped OpenBSD Secure Shell server.
[[0;32m  OK  [0m] Started Terminate Plymouth Boot Screen.
[[0;32m  OK  [0m] Started Hold until boot process finishes up.
         Starting Set console scheme...
[[0;32m  OK  [0m] Started Serial Getty on ttyS0.
[[0;32m  OK  [0m] Started Getty on tty1.
[[0;32m  OK  [0m] Reached target Login Prompts.
         Starting OpenBSD Secure Shell server...
[[0;32m  OK  [0m] Started OpenBSD Secure Shell server.
[[0;32m  OK  [0m] Started Set console scheme.
[[0;32m  OK  [0m] Reached target Multi-User System.
[[0;32m  OK  [0m] Reached target Graphical Interface.
         Starting Update UTMP about System Runlevel Changes...
[[0;32m  OK  [0m] Started Update UTMP about System Runlevel Changes.
[   56.371679] cloud-init[1054]: Cloud-init v. 0.7.9 running 'modules:config' at Sun, 05 Nov 2017 23:51:05 +0000. Up 53.81 seconds.
[[0;32m  OK  [0m] Started Apply the settings specified in cloud-config.
         Starting Execute cloud user/final scripts...
[[0;32m  OK  [0m] Created slice User Slice of ubuntu.
ci-info: no authorized ssh keys fingerprints found for user ubuntu.
         Starting User Manager for UID 1000...
[[0;32m  OK  [0m] Started User Manager for UID 1000.
<14>Nov  5 23:51:08 ec2: 
<14>Nov  5 23:51:08 ec2: #############################################################
<14>Nov  5 23:51:08 ec2: -----BEGIN SSH HOST KEY FINGERPRINTS-----
<14>Nov  5 23:51:08 ec2: 1024 SHA256:x37KD3OrfHwMyvOWkbjdIlxseJafyHFMrWNLmnRPG9o root@ubuntu-xenial (DSA)
<14>Nov  5 23:51:08 ec2: 256 SHA256:iwIG4yl+f64Uw7oRW2JQ/ntHWpzOv7SyT0PM1SawYz4 root@ubuntu-xenial (ECDSA)
<14>Nov  5 23:51:08 ec2: 256 SHA256:bQSgWWMCOlIbaB+fffR5UdjYWSZzcfFVEygBYSfv8zA root@ubuntu-xenial (ED25519)
<14>Nov  5 23:51:08 ec2: 2048 SHA256:zszhHItZ3B+xcLeC0SBze3LRs/V0kbje2XR69KwX34c root@ubuntu-xenial (RSA)
<14>Nov  5 23:51:08 ec2: -----END SSH HOST KEY FINGERPRINTS-----
<14>Nov  5 23:51:08 ec2: #############################################################
-----BEGIN SSH HOST KEY KEYS-----
ecdsa-sha2-nistp256 AAAAE2VjZHNhLXNoYTItbmlzdHAyNTYAAAAIbmlzdHAyNTYAAABBBJldeQwtzaKa2jHI9gfsUi0bBVkZpjDnklzs/+RlttOfdQ3gcAvRxl9AO+B87Ddw/72PaZJLEfrxQ1LxN4YEFB0= root@ubuntu-xenial
ssh-ed25519 AAAAC3NzaC1lZDI1NTE5AAAAIKu9rNW6fgqMMYEBhXoKY+OIEaiZPY2ZD8on4ExqrpFF root@ubuntu-xenial
ssh-rsa AAAAB3NzaC1yc2EAAAADAQABAAABAQDWiSz8s+jbN1LJOBAJJ+QIDpwMs+T5vMssI8MrJcKsSX6Xi8HO3aPWchExMFnfOT6+TTjzbmMr9ZHckMgYAqWe8gV4dKSjxHK7ke3AXaPauF1YYAUypmTAn29/U59ugKE+mVi+jDBxFmuI0xEJmjIzCFMvFmC3+eoymv/yUq/tiS41AVtGWaRzLce++qcwcZP0IXiEXkcfHxg8zpx462lv7ClRiLq5EtXAy8UMsWFDyS+DvIH/kg/j5Qc+Kz2NJZ3mc78RG4dSx1//k50FT23EkM9XJhhNm+GSAY1M4rGcnkGRgriQRpb5zCSZAh4aHSUhH7Y1C3Y/2VgwG76CwQCt root@ubuntu-xenial
-----END SSH HOST KEY KEYS-----
[[0;32m  OK  [0m] Started Session 1 of user ubuntu.
[   57.789951] cloud-init[1307]: Cloud-init v. 0.7.9 running 'modules:final' at Sun, 05 Nov 2017 23:51:08 +0000. Up 56.73 seconds.
[   57.798878] cloud-init[1307]: ci-info: no authorized ssh keys fingerprints found for user ubuntu.
[   57.888529] [cloud-init[0;32m  OK  [0m[1307]: ] Cloud-init v. 0.7.9 finished at Sun, 05 Nov 2017 23:51:09 +0000. Datasource DataSourceNoCloud [seed=/dev/sdb][dsmode=net].  Up 57.78 secondsStarted Execute cloud user/final scripts.

[[0;32m  OK  [0m] Reached target Cloud-init target.

Ubuntu 16.04.3 LTS ubuntu-xenial ttyS0

ubuntu-xenial login: 